build/app/outputs/logs/manifest-merger-debug-report.txt
-- Merging decision tree log ---
manifest
ADDED from src/main/AndroidManifest.xml:1:1-51:12
INJECTED from src/main/AndroidManifest.xml:1:1-51:12
INJECTED from src/main/AndroidManifest.xml:1:1-51:12
INJECTED from src/main/AndroidManifest.xml:1:1-51:12
MERGED from src/main/AndroidManifest.xml:1:1-51:12
MERGED from [:arcore_flutter_plugin] AndroidManifest.xml:2:1-31:12
MERGED from [com.google.ar.sceneform.ux:sceneform-ux:1.13.0] AndroidManifest.xml:17:1-22:12
MERGED from [com.google.ar.sceneform:core:1.13.0] AndroidManifest.xml:2:1-7:12
MERGED from [com.google.ar.sceneform:rendering:1.13.0] AndroidManifest.xml:2:1-7:12
MERGED from [com.google.ar:core:1.13.0] AndroidManifest.xml:17:1-46:12
MERGED from [androidx.appcompat:appcompat:1.1.0] AndroidManifest.xml:17:1-24:12
MERGED from [androidx.fragment:fragment:1.1.0] AndroidManifest.xml:17:1-24:12
MERGED from [androidx.activity:activity:1.0.0] AndroidManifest.xml:17:1-24:12
MERGED from [androidx.core:core-ktx:1.3.0-alpha01] AndroidManifest.xml:2:1-9:12
MERGED from [androidx.viewpager:viewpager:1.0.0] AndroidManifest.xml:17:1-22:12
MERGED from [androidx.loader:loader:1.0.0] AndroidManifest.xml:17:1-22:12
MERGED from [androidx.appcompat:appcompat-resources:1.1.0] AndroidManifest.xml:17:1-24:12
MERGED from [androidx.drawerlayout:drawerlayout:1.0.0] AndroidManifest.xml:17:1-22:12
MERGED from [androidx.customview:customview:1.0.0] AndroidManifest.xml:17:1-22:12
MERGED from [androidx.vectordrawable:vectordrawable-animated:1.1.0] AndroidManifest.xml:17:1-24:12
MERGED from [androidx.vectordrawable:vectordrawable:1.1.0] AndroidManifest.xml:17:1-24:12
MERGED from [androidx.core:core:1.3.0-alpha01] AndroidManifest.xml:17:1-26:12
MERGED from [androidx.lifecycle:lifecycle-runtime:2.2.0] AndroidManifest.xml:17:1-24:12
MERGED from [androidx.savedstate:savedstate:1.0.0] AndroidManifest.xml:17:1-24:12
MERGED from [androidx.lifecycle:lifecycle-livedata:2.0.0] AndroidManifest.xml:17:1-22:12
MERGED from [androidx.lifecycle:lifecycle-livedata-core:2.0.0] AndroidManifest.xml:17:1-22:12
MERGED from [androidx.arch.core:core-runtime:2.0.0] AndroidManifest.xml:17:1-22:12
MERGED from [androidx.versionedparcelable:versionedparcelable:1.1.0] AndroidManifest.xml:17:1-27:12
MERGED from [androidx.cursoradapter:cursoradapter:1.0.0] AndroidManifest.xml:17:1-22:12
MERGED from [androidx.lifecycle:lifecycle-viewmodel:2.1.0] AndroidManifest.xml:17:1-22:12
MERGED from [androidx.interpolator:interpolator:1.0.0] AndroidManifest.xml:17:1-22:12
MERGED from [com.google.ar.sceneform:assets:1.13.0] AndroidManifest.xml:2:1-7:12
MERGED from [com.google.ar.sceneform:sceneform-base:1.13.0] AndroidManifest.xml:2:1-7:12
MERGED from [com.google.ar.sceneform:filament-android:1.13.0] AndroidManifest.xml:2:1-11:12
INJECTED from src/debug/AndroidManifest.xml:1:1-7:12
INJECTED from src/debug/AndroidManifest.xml:1:1-7:12
INJECTED from src/debug/AndroidManifest.xml:1:1-7:12
	package
		ADDED from src/main/AndroidManifest.xml:2:5-42
		INJECTED from src/main/AndroidManifest.xml
		INJECTED from src/debug/AndroidManifest.xml
	android:versionName
		INJECTED from src/main/AndroidManifest.xml
		ADDED from src/main/AndroidManifest.xml:1:1-51:12
		INJECTED from src/debug/AndroidManifest.xml
	xmlns:tools
		ADDED from src/main/AndroidManifest.xml:3:5-51
		ADDED from src/main/AndroidManifest.xml:3:5-51
	android:versionCode
		INJECTED from src/main/AndroidManifest.xml
		ADDED from src/main/AndroidManifest.xml:1:1-51:12
		INJECTED from src/debug/AndroidManifest.xml
	xmlns:android
		ADDED from src/main/AndroidManifest.xml:1:11-69
uses-permission#android.permission.CAMERA
ADDED from src/main/AndroidManifest.xml:5:4-64
MERGED from [:arcore_flutter_plugin] AndroidManifest.xml:7:5-65
MERGED from [:arcore_flutter_plugin] AndroidManifest.xml:7:5-65
	android:name
		ADDED from src/main/AndroidManifest.xml:5:21-61
uses-sdk
ADDED from src/main/AndroidManifest.xml:6:4-43
INJECTED from src/main/AndroidManifest.xml:6:4-43
INJECTED from src/main/AndroidManifest.xml:6:4-43
MERGED from [:arcore_flutter_plugin] AndroidManifest.xml:5:5-44
MERGED from [:arcore_flutter_plugin] AndroidManifest.xml:5:5-44
MERGED from [com.google.ar.sceneform.ux:sceneform-ux:1.13.0] AndroidManifest.xml:20:5-44
MERGED from [com.google.ar.sceneform.ux:sceneform-ux:1.13.0] AndroidManifest.xml:20:5-44
MERGED from [com.google.ar.sceneform:core:1.13.0] AndroidManifest.xml:5:5-44
MERGED from [com.google.ar.sceneform:core:1.13.0] AndroidManifest.xml:5:5-44
MERGED from [com.google.ar.sceneform:rendering:1.13.0] AndroidManifest.xml:5:5-44
MERGED from [com.google.ar.sceneform:rendering:1.13.0] AndroidManifest.xml:5:5-44
MERGED from [com.google.ar:core:1.13.0] AndroidManifest.xml:26:5-28:41
MERGED from [com.google.ar:core:1.13.0] AndroidManifest.xml:26:5-28:41
MERGED from [androidx.appcompat:appcompat:1.1.0] AndroidManifest.xml:20:5-22:41
MERGED from [androidx.appcompat:appcompat:1.1.0] AndroidManifest.xml:20:5-22:41
MERGED from [androidx.fragment:fragment:1.1.0] AndroidManifest.xml:20:5-22:41
MERGED from [androidx.fragment:fragment:1.1.0] AndroidManifest.xml:20:5-22:41
MERGED from [androidx.activity:activity:1.0.0] AndroidManifest.xml:20:5-22:41
MERGED from [androidx.activity:activity:1.0.0] AndroidManifest.xml:20:5-22:41
MERGED from [androidx.core:core-ktx:1.3.0-alpha01] AndroidManifest.xml:5:5-7:41
MERGED from [androidx.core:core-ktx:1.3.0-alpha01] AndroidManifest.xml:5:5-7:41
MERGED from [androidx.viewpager:viewpager:1.0.0] AndroidManifest.xml:20:5-44
MERGED from [androidx.viewpager:viewpager:1.0.0] AndroidManifest.xml:20:5-44
MERGED from [androidx.loader:loader:1.0.0] AndroidManifest.xml:20:5-44
MERGED from [androidx.loader:loader:1.0.0] AndroidManifest.xml:20:5-44
MERGED from [androidx.appcompat:appcompat-resources:1.1.0] AndroidManifest.xml:20:5-22:41
MERGED from [androidx.appcompat:appcompat-resources:1.1.0] AndroidManifest.xml:20:5-22:41
MERGED from [androidx.drawerlayout:drawerlayout:1.0.0] AndroidManifest.xml:20:5-44
MERGED from [androidx.drawerlayout:drawerlayout:1.0.0] AndroidManifest.xml:20:5-44
MERGED from [androidx.customview:customview:1.0.0] AndroidManifest.xml:20:5-44
MERGED from [androidx.customview:customview:1.0.0] AndroidManifest.xml:20:5-44
MERGED from [androidx.vectordrawable:vectordrawable-animated:1.1.0] AndroidManifest.xml:20:5-22:41
MERGED from [androidx.vectordrawable:vectordrawable-animated:1.1.0] AndroidManifest.xml:20:5-22:41
MERGED from [androidx.vectordrawable:vectordrawable:1.1.0] AndroidManifest.xml:20:5-22:41
MERGED from [androidx.vectordrawable:vectordrawable:1.1.0] AndroidManifest.xml:20:5-22:41
MERGED from [androidx.core:core:1.3.0-alpha01] AndroidManifest.xml:20:5-22:41
MERGED from [androidx.core:core:1.3.0-alpha01] AndroidManifest.xml:20:5-22:41
MERGED from [androidx.lifecycle:lifecycle-runtime:2.2.0] AndroidManifest.xml:20:5-22:41
MERGED from [androidx.lifecycle:lifecycle-runtime:2.2.0] AndroidManifest.xml:20:5-22:41
MERGED from [androidx.savedstate:savedstate:1.0.0] AndroidManifest.xml:20:5-22:41
MERGED from [androidx.savedstate:savedstate:1.0.0] AndroidManifest.xml:20:5-22:41
MERGED from [androidx.lifecycle:lifecycle-livedata:2.0.0] AndroidManifest.xml:20:5-44
MERGED from [androidx.lifecycle:lifecycle-livedata:2.0.0] AndroidManifest.xml:20:5-44
MERGED from [androidx.lifecycle:lifecycle-livedata-core:2.0.0] AndroidManifest.xml:20:5-44
MERGED from [androidx.lifecycle:lifecycle-livedata-core:2.0.0] AndroidManifest.xml:20:5-44
MERGED from [androidx.arch.core:core-runtime:2.0.0] AndroidManifest.xml:20:5-44
MERGED from [androidx.arch.core:core-runtime:2.0.0] AndroidManifest.xml:20:5-44
MERGED from [androidx.versionedparcelable:versionedparcelable:1.1.0] AndroidManifest.xml:20:5-22:41
MERGED from [androidx.versionedparcelable:versionedparcelable:1.1.0] AndroidManifest.xml:20:5-22:41
MERGED from [androidx.cursoradapter:cursoradapter:1.0.0] AndroidManifest.xml:20:5-44
MERGED from [androidx.cursoradapter:cursoradapter:1.0.0] AndroidManifest.xml:20:5-44
MERGED from [androidx.lifecycle:lifecycle-viewmodel:2.1.0] AndroidManifest.xml:20:5-44
MERGED from [androidx.lifecycle:lifecycle-viewmodel:2.1.0] AndroidManifest.xml:20:5-44
MERGED from [androidx.interpolator:interpolator:1.0.0] AndroidManifest.xml:20:5-44
MERGED from [androidx.interpolator:interpolator:1.0.0] AndroidManifest.xml:20:5-44
MERGED from [com.google.ar.sceneform:assets:1.13.0] AndroidManifest.xml:5:5-44
MERGED from [com.google.ar.sceneform:assets:1.13.0] AndroidManifest.xml:5:5-44
MERGED from [com.google.ar.sceneform:sceneform-base:1.13.0] AndroidManifest.xml:5:5-44
MERGED from [com.google.ar.sceneform:sceneform-base:1.13.0] AndroidManifest.xml:5:5-44
MERGED from [com.google.ar.sceneform:filament-android:1.13.0] AndroidManifest.xml:7:5-9:41
MERGED from [com.google.ar.sceneform:filament-android:1.13.0] AndroidManifest.xml:7:5-9:41
INJECTED from src/debug/AndroidManifest.xml:6:4-43
INJECTED from src/debug/AndroidManifest.xml:6:4-43
	android:targetSdkVersion
		INJECTED from src/main/AndroidManifest.xml
		INJECTED from src/debug/AndroidManifest.xml
	android:minSdkVersion
		ADDED from src/main/AndroidManifest.xml:6:14-40
		INJECTED from src/main/AndroidManifest.xml
		INJECTED from src/debug/AndroidManifest.xml
uses-feature#android.hardware.camera.ar
ADDED from src/main/AndroidManifest.xml:7:4-62
MERGED from [:arcore_flutter_plugin] AndroidManifest.xml:13:5-63
MERGED from [:arcore_flutter_plugin] AndroidManifest.xml:13:5-63
	android:name
		ADDED from src/main/AndroidManifest.xml:7:18-59
application
ADDED from src/main/AndroidManifest.xml:9:4-50:19
MERGED from [:arcore_flutter_plugin] AndroidManifest.xml:20:5-29:19
MERGED from [:arcore_flutter_plugin] AndroidManifest.xml:20:5-29:19
MERGED from [com.google.ar:core:1.13.0] AndroidManifest.xml:30:5-44:19
MERGED from [com.google.ar:core:1.13.0] AndroidManifest.xml:30:5-44:19
MERGED from [androidx.core:core:1.3.0-alpha01] AndroidManifest.xml:24:5-89
MERGED from [androidx.core:core:1.3.0-alpha01] AndroidManifest.xml:24:5-89
MERGED from [androidx.versionedparcelable:versionedparcelable:1.1.0] AndroidManifest.xml:24:5-25:19
MERGED from [androidx.versionedparcelable:versionedparcelable:1.1.0] AndroidManifest.xml:24:5-25:19
	android:appComponentFactory
		ADDED from [androidx.core:core:1.3.0-alpha01] AndroidManifest.xml:24:18-86
	android:label
		ADDED from src/main/AndroidManifest.xml:10:9-40
	android:icon
		ADDED from src/main/AndroidManifest.xml:11:9-43
activity#com.example.natural_history.MainActivity
ADDED from src/main/AndroidManifest.xml:13:9-44:20
	android:launchMode
		ADDED from src/main/AndroidManifest.xml:15:13-43
	android:hardwareAccelerated
		ADDED from src/main/AndroidManifest.xml:18:13-47
	android:windowSoftInputMode
		ADDED from src/main/AndroidManifest.xml:19:13-55
	android:configChanges
		ADDED from src/main/AndroidManifest.xml:17:13-163
	android:theme
		ADDED from src/main/AndroidManifest.xml:16:13-47
	android:name
		ADDED from src/main/AndroidManifest.xml:14:13-41
meta-data#io.flutter.embedding.android.NormalTheme
ADDED from src/main/AndroidManifest.xml:24:13-27:17
	android:resource
		ADDED from src/main/AndroidManifest.xml:26:15-52
	android:name
		ADDED from src/main/AndroidManifest.xml:25:15-70
meta-data#io.flutter.embedding.android.SplashScreenDrawable
ADDED from src/main/AndroidManifest.xml:33:13-36:17
	android:resource
		ADDED from src/main/AndroidManifest.xml:35:15-61
	android:name
		ADDED from src/main/AndroidManifest.xml:34:15-79
meta-data#com.google.ar.core
ADDED from src/main/AndroidManifest.xml:38:13-115
	tools:replace
		ADDED from src/main/AndroidManifest.xml:38:83-112
	android:value
		ADDED from src/main/AndroidManifest.xml:38:58-82
	android:name
		ADDED from src/main/AndroidManifest.xml:38:24-57
intent-filter#action:name:android.intent.action.MAIN+category:name:android.intent.category.LAUNCHER
ADDED from src/main/AndroidManifest.xml:40:13-43:29
action#android.intent.action.MAIN
ADDED from src/main/AndroidManifest.xml:41:17-68
	android:name
		ADDED from src/main/AndroidManifest.xml:41:25-66
category#android.intent.category.LAUNCHER
ADDED from src/main/AndroidManifest.xml:42:17-76
	android:name
		ADDED from src/main/AndroidManifest.xml:42:27-74
meta-data#flutterEmbedding
ADDED from src/main/AndroidManifest.xml:47:9-49:33
	android:value
		ADDED from src/main/AndroidManifest.xml:49:13-30
	android:name
		ADDED from src/main/AndroidManifest.xml:48:13-44
uses-permission#android.permission.INTERNET
ADDED from src/debug/AndroidManifest.xml:6:5-66
	android:name
		ADDED from src/debug/AndroidManifest.xml:6:22-64
uses-feature#0x00030000
ADDED from [:arcore_flutter_plugin] AndroidManifest.xml:16:5-18:35
	android:glEsVersion
		ADDED from [:arcore_flutter_plugin] AndroidManifest.xml:17:9-41
	android:required
		ADDED from [:arcore_flutter_plugin] AndroidManifest.xml:18:9-32
meta-data#com.google.ar.core.min_apk_version
ADDED from [com.google.ar:core:1.13.0] AndroidManifest.xml:33:9-35:41
	android:value
		ADDED from [com.google.ar:core:1.13.0] AndroidManifest.xml:35:13-38
	android:name
		ADDED from [com.google.ar:core:1.13.0] AndroidManifest.xml:34:13-62
activity#com.google.ar.core.InstallActivity
ADDED from [com.google.ar:core:1.13.0] AndroidManifest.xml:37:9-43:80
	android:excludeFromRecents
		ADDED from [com.google.ar:core:1.13.0] AndroidManifest.xml:40:13-46
	android:launchMode
		ADDED from [com.google.ar:core:1.13.0] AndroidManifest.xml:42:13-43
	android:exported
		ADDED from [com.google.ar:core:1.13.0] AndroidManifest.xml:41:13-37
	android:configChanges
		ADDED from [com.google.ar:core:1.13.0] AndroidManifest.xml:39:13-74
	android:theme
		ADDED from [com.google.ar:core:1.13.0] AndroidManifest.xml:43:13-77
	android:name
		ADDED from [com.google.ar:core:1.13.0] AndroidManifest.xml:38:13-62